[debug] [2023-09-02T20:51:44.542Z] ----------------------------------------------------------------------
[debug] [2023-09-02T20:51:44.544Z] Command:       /Users/pirateahoy/.nvm/versions/node/v18.11.0/bin/node /Users/pirateahoy/.nvm/versions/node/v18.11.0/bin/firebase init
[debug] [2023-09-02T20:51:44.544Z] CLI Version:   12.5.2
[debug] [2023-09-02T20:51:44.545Z] Platform:      darwin
[debug] [2023-09-02T20:51:44.545Z] Node Version:  v18.11.0
[debug] [2023-09-02T20:51:44.546Z] Time:          Sat Sep 02 2023 22:51:44 GMT+0200 (Central European Summer Time)
[debug] [2023-09-02T20:51:44.547Z] ----------------------------------------------------------------------
[debug] 
[debug] [2023-09-02T20:51:44.556Z] > command requires scopes: ["email","openid","https://www.googleapis.com/auth/cloudplatformprojects.readonly","https://www.googleapis.com/auth/firebase","https://www.googleapis.com/auth/cloud-platform"]
[debug] [2023-09-02T20:51:44.557Z] > authorizing via signed-in user (samater.beegsi@gmail.com)
[info] 
     ######## #### ########  ######## ########     ###     ######  ########
     ##        ##  ##     ## ##       ##     ##  ##   ##  ##       ##
     ######    ##  ########  ######   ########  #########  ######  ######
     ##        ##  ##    ##  ##       ##     ## ##     ##       ## ##
     ##       #### ##     ## ######## ########  ##     ##  ######  ########

You're about to initialize a Firebase project in this directory:

  /Users/pirateahoy/Desktop/projects/Hilow/hillow

[info] 
=== Project Setup
[info] 
[info] First, let's associate this project directory with a Firebase project.
[info] You can create multiple project aliases by running firebase use --add, 
[info] but for now we'll just set up a default project.
[info] 
[debug] [2023-09-02T20:52:13.270Z] >>> [apiv2][query] GET https://firebase.googleapis.com/v1beta1/projects pageSize=100
[debug] [2023-09-02T20:52:13.960Z] <<< [apiv2][status] GET https://firebase.googleapis.com/v1beta1/projects 200
[debug] [2023-09-02T20:52:13.960Z] <<< [apiv2][body] GET https://firebase.googleapis.com/v1beta1/projects [omitted]
[info] i  Using project hillow1 (hillow1) 
[info] 
=== Hosting Setup
[info] 
[info] Your public directory is the folder (relative to your project directory) that
[info] will contain Hosting assets to be uploaded with firebase deploy. If you
[info] have a build process for your assets, use your build's output directory.
[info] 
[info] ✔  Wrote public/404.html 
[debug] [2023-09-02T20:53:44.310Z] >>> [apiv2][query] GET https://www.gstatic.com/firebasejs/releases.json [none]
[debug] [2023-09-02T20:53:44.413Z] <<< [apiv2][status] GET https://www.gstatic.com/firebasejs/releases.json 200
[debug] [2023-09-02T20:53:44.413Z] <<< [apiv2][body] GET https://www.gstatic.com/firebasejs/releases.json {"current":{"version":"10.3.1","browserURL":"https://www.gstatic.com/firebasejs/10.3.1/firebase.js","packageURL":"https://www.gstatic.com/firebasejs/10.3.1/firebase.tgz"},"live":{"version":"10.3","browserURL":"https://www.gstatic.com/firebasejs/live/10.3/firebase.js","packageURL":"https://www.gstatic.com/firebasejs/live/10.3/firebase.tgz"},"components":{"analytics":"https://www.gstatic.com/firebasejs/10.3.1/firebase-analytics.js","app":"https://www.gstatic.com/firebasejs/10.3.1/firebase-app.js","app-check":"https://www.gstatic.com/firebasejs/10.3.1/firebase-app-check.js","auth":"https://www.gstatic.com/firebasejs/10.3.1/firebase-auth.js","auth/cordova":"https://www.gstatic.com/firebasejs/10.3.1/firebase-auth/cordova.js","functions":"https://www.gstatic.com/firebasejs/10.3.1/firebase-functions.js","firestore":"https://www.gstatic.com/firebasejs/10.3.1/firebase-firestore.js","firestore/lite":"https://www.gstatic.com/firebasejs/10.3.1/firebase-firestore/lite.js","installations":"https://www.gstatic.com/firebasejs/10.3.1/firebase-installations.js","storage":"https://www.gstatic.com/firebasejs/10.3.1/firebase-storage.js","performance":"https://www.gstatic.com/firebasejs/10.3.1/firebase-performance.js","remote-config":"https://www.gstatic.com/firebasejs/10.3.1/firebase-remote-config.js","messaging":"https://www.gstatic.com/firebasejs/10.3.1/firebase-messaging.js","messaging/sw":"https://www.gstatic.com/firebasejs/10.3.1/firebase-messaging/sw.js","database":"https://www.gstatic.com/firebasejs/10.3.1/firebase-database.js","firestore.memory":"https://www.gstatic.com/firebasejs/10.3.1/firebase-firestore.memory.js"}}
[info] i  Skipping write of public/index.html 
[info] 
[info] i  Detected a .git folder at /Users/pirateahoy/Desktop/projects/Hilow/hillow 
[info] i  Authorizing with GitHub to upload your service account to a GitHub repository's secrets store. 
[info] 
[info] Visit this URL on this device to log in:
[info] https://github.com/login/oauth/authorize?client_id=89cf50f02ac6aaed3484&state=118429912&redirect_uri=http%3A%2F%2Flocalhost%3A9005&scope=read%3Auser%20repo%20public_repo
[info] 
[info] Waiting for authentication...
[debug] [2023-09-02T20:55:05.554Z] >>> [apiv2][query] POST https://github.com/login/oauth/access_token [none]
[debug] [2023-09-02T20:55:05.555Z] >>> [apiv2][body] POST https://github.com/login/oauth/access_token [stream]
[debug] [2023-09-02T20:55:05.814Z] <<< [apiv2][status] POST https://github.com/login/oauth/access_token 200
[debug] [2023-09-02T20:55:05.815Z] <<< [apiv2][body] POST https://github.com/login/oauth/access_token {"access_token":"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","token_type":"bearer","scope":"read:user,repo"}
[debug] [2023-09-02T20:55:05.838Z] >>> [apiv2][query] GET https://api.github.com/user [none]
[debug] [2023-09-02T20:55:06.150Z] <<< [apiv2][status] GET https://api.github.com/user 200
[debug] [2023-09-02T20:55:06.150Z] <<< [apiv2][body] GET https://api.github.com/user {"login":"3dgeville","id":32815031,"node_id":"MDQ6VXNlcjMyODE1MDMx","avatar_url":"https://avatars.githubusercontent.com/u/32815031?v=4","gravatar_id":"","url":"https://api.github.com/users/3dgeville","html_url":"https://github.com/3dgeville","followers_url":"https://api.github.com/users/3dgeville/followers","following_url":"https://api.github.com/users/3dgeville/following{/other_user}","gists_url":"https://api.github.com/users/3dgeville/gists{/gist_id}","starred_url":"https://api.github.com/users/3dgeville/starred{/owner}{/repo}","subscriptions_url":"https://api.github.com/users/3dgeville/subscriptions","organizations_url":"https://api.github.com/users/3dgeville/orgs","repos_url":"https://api.github.com/users/3dgeville/repos","events_url":"https://api.github.com/users/3dgeville/events{/privacy}","received_events_url":"https://api.github.com/users/3dgeville/received_events","type":"User","site_admin":false,"name":"3dgeville","company":null,"blog":"","location":null,"email":null,"hireable":null,"bio":null,"twitter_username":null,"public_repos":5,"public_gists":0,"followers":0,"following":6,"created_at":"2017-10-15T12:54:52Z","updated_at":"2023-09-02T20:54:59Z","private_gists":0,"total_private_repos":0,"owned_private_repos":0,"disk_usage":0,"collaborators":0,"two_factor_authentication":false,"plan":{"name":"free","space":976562499,"collaborators":0,"private_repos":10000}}
[info] 
[info] ✔  Success! Logged into GitHub as 3dgeville 
[info] 
